<?xml version="1.0" encoding="UTF-8"?>
<coverage generated="1697026061623" clover="3.2.0">
  <project timestamp="1697026061623" name="All files">
    <metrics statements="72" coveredstatements="49" conditionals="18" coveredconditionals="7" methods="9" coveredmethods="4" elements="99" coveredelements="60" complexity="0" loc="72" ncloc="72" packages="3" files="4" classes="4"/>
    <package name="components">
      <metrics statements="6" coveredstatements="6" conditionals="0" coveredconditionals="0" methods="2" coveredmethods="2"/>
      <file name="url-validity.ts" path="D:\projects\own\backend\profi-tz\api\src\components\url-validity.ts">
        <metrics statements="6" coveredstatements="6" conditionals="0" coveredconditionals="0" methods="2" coveredmethods="2"/>
        <line num="1" count="3" type="stmt"/>
        <line num="2" count="7" type="stmt"/>
        <line num="17" count="7" type="stmt"/>
        <line num="20" count="3" type="stmt"/>
        <line num="21" count="4" type="stmt"/>
        <line num="23" count="4" type="stmt"/>
      </file>
    </package>
    <package name="server.routes">
      <metrics statements="48" coveredstatements="34" conditionals="17" coveredconditionals="7" methods="2" coveredmethods="2"/>
      <file name="index.queries.ts" path="D:\projects\own\backend\profi-tz\api\src\server\routes\index.queries.ts">
        <metrics statements="7" coveredstatements="7" conditionals="0" coveredconditionals="0" methods="0" coveredmethods="0"/>
        <line num="2" count="2" type="stmt"/>
        <line num="19" count="2" type="stmt"/>
        <line num="46" count="2" type="stmt"/>
        <line num="67" count="2" type="stmt"/>
        <line num="88" count="2" type="stmt"/>
        <line num="107" count="2" type="stmt"/>
        <line num="129" count="2" type="stmt"/>
      </file>
      <file name="index.ts" path="D:\projects\own\backend\profi-tz\api\src\server\routes\index.ts">
        <metrics statements="41" coveredstatements="27" conditionals="17" coveredconditionals="7" methods="2" coveredmethods="2"/>
        <line num="1" count="2" type="stmt"/>
        <line num="2" count="2" type="stmt"/>
        <line num="3" count="2" type="stmt"/>
        <line num="4" count="2" type="stmt"/>
        <line num="5" count="2" type="stmt"/>
        <line num="8" count="2" type="stmt"/>
        <line num="10" count="2" type="stmt"/>
        <line num="14" count="3" type="stmt"/>
        <line num="15" count="3" type="stmt"/>
        <line num="17" count="3" type="cond" truecount="1" falsecount="0"/>
        <line num="18" count="1" type="stmt"/>
        <line num="21" count="2" type="stmt"/>
        <line num="23" count="2" type="cond" truecount="1" falsecount="0"/>
        <line num="24" count="1" type="stmt"/>
        <line num="27" count="1" type="stmt"/>
        <line num="29" count="1" type="stmt"/>
        <line num="31" count="0" type="cond" truecount="0" falsecount="1"/>
        <line num="32" count="0" type="stmt"/>
        <line num="35" count="0" type="cond" truecount="0" falsecount="1"/>
        <line num="36" count="0" type="stmt"/>
        <line num="39" count="0" type="stmt"/>
        <line num="43" count="2" type="stmt"/>
        <line num="48" count="3" type="stmt"/>
        <line num="50" count="3" type="cond" truecount="1" falsecount="1"/>
        <line num="55" count="3" type="cond" truecount="1" falsecount="0"/>
        <line num="56" count="1" type="stmt"/>
        <line num="59" count="2" type="cond" truecount="0" falsecount="1"/>
        <line num="60" count="0" type="stmt"/>
        <line num="65" count="2" type="cond" truecount="0" falsecount="1"/>
        <line num="66" count="0" type="stmt"/>
        <line num="69" count="2" type="cond" truecount="3" falsecount="0"/>
        <line num="70" count="1" type="stmt"/>
        <line num="75" count="1" type="stmt"/>
        <line num="77" count="1" type="stmt"/>
        <line num="79" count="0" type="cond" truecount="0" falsecount="1"/>
        <line num="80" count="0" type="stmt"/>
        <line num="84" count="0" type="cond" truecount="0" falsecount="3"/>
        <line num="85" count="0" type="stmt"/>
        <line num="88" count="0" type="cond" truecount="0" falsecount="1"/>
        <line num="89" count="0" type="stmt"/>
        <line num="92" count="0" type="stmt"/>
      </file>
    </package>
    <package name="utils">
      <metrics statements="18" coveredstatements="9" conditionals="1" coveredconditionals="0" methods="5" coveredmethods="0"/>
      <file name="index.ts" path="D:\projects\own\backend\profi-tz\api\src\utils\index.ts">
        <metrics statements="18" coveredstatements="9" conditionals="1" coveredconditionals="0" methods="5" coveredmethods="0"/>
        <line num="1" count="2" type="stmt"/>
        <line num="2" count="2" type="stmt"/>
        <line num="3" count="2" type="stmt"/>
        <line num="5" count="2" type="cond" truecount="0" falsecount="1"/>
        <line num="6" count="0" type="stmt"/>
        <line num="9" count="2" type="stmt"/>
        <line num="15" count="2" type="stmt"/>
        <line num="16" count="0" type="stmt"/>
        <line num="17" count="0" type="stmt"/>
        <line num="21" count="2" type="stmt"/>
        <line num="24" count="0" type="stmt"/>
        <line num="27" count="2" type="stmt"/>
        <line num="30" count="0" type="stmt"/>
        <line num="33" count="2" type="stmt"/>
        <line num="34" count="0" type="stmt"/>
        <line num="35" count="0" type="stmt"/>
        <line num="36" count="0" type="stmt"/>
        <line num="39" count="0" type="stmt"/>
      </file>
    </package>
  </project>
</coverage>
