{"D:\\projects\\own\\backend\\profi-tz\\api\\src\\components\\url-validity.ts": {"path":"D:\\projects\\own\\backend\\profi-tz\\api\\src\\components\\url-validity.ts","statementMap":{"0":{"start":{"line":2,"column":17},"end":{"line":10,"column":null}},"1":{"start":{"line":17,"column":1},"end":{"line":17,"column":null}},"2":{"start":{"line":1,"column":0},"end":{"line":1,"column":16}},"3":{"start":{"line":21,"column":18},"end":{"line":21,"column":38}},"4":{"start":{"line":23,"column":1},"end":{"line":23,"column":null}},"5":{"start":{"line":20,"column":0},"end":{"line":20,"column":16}}},"fnMap":{"0":{"name":"urlValid","decl":{"start":{"line":1,"column":16},"end":{"line":1,"column":24}},"loc":{"start":{"line":1,"column":36},"end":{"line":18,"column":1}}},"1":{"name":"urlAbove16KB","decl":{"start":{"line":20,"column":16},"end":{"line":20,"column":28}},"loc":{"start":{"line":20,"column":40},"end":{"line":24,"column":1}}}},"branchMap":{},"s":{"0":7,"1":7,"2":3,"3":4,"4":4,"5":3},"f":{"0":7,"1":4},"b":{}}
,"D:\\projects\\own\\backend\\profi-tz\\api\\src\\server\\routes\\index.queries.ts": {"path":"D:\\projects\\own\\backend\\profi-tz\\api\\src\\server\\routes\\index.queries.ts","statementMap":{"0":{"start":{"line":2,"column":0},"end":{"line":2,"column":48}},"1":{"start":{"line":19,"column":36},"end":{"line":37,"column":null}},"2":{"start":{"line":46,"column":13},"end":{"line":49,"column":null}},"3":{"start":{"line":67,"column":27},"end":{"line":78,"column":null}},"4":{"start":{"line":88,"column":13},"end":{"line":91,"column":null}},"5":{"start":{"line":107,"column":37},"end":{"line":119,"column":null}},"6":{"start":{"line":129,"column":13},"end":{"line":132,"column":null}}},"fnMap":{},"branchMap":{},"s":{"0":2,"1":2,"2":2,"3":2,"4":2,"5":2,"6":2},"f":{},"b":{}}
,"D:\\projects\\own\\backend\\profi-tz\\api\\src\\server\\routes\\index.ts": {"path":"D:\\projects\\own\\backend\\profi-tz\\api\\src\\server\\routes\\index.ts","statementMap":{"0":{"start":{"line":1,"column":0},"end":{"line":1,"column":34}},"1":{"start":{"line":2,"column":0},"end":{"line":2,"column":57}},"2":{"start":{"line":3,"column":0},"end":{"line":3,"column":68}},"3":{"start":{"line":4,"column":0},"end":{"line":4,"column":58}},"4":{"start":{"line":5,"column":0},"end":{"line":5,"column":30}},"5":{"start":{"line":8,"column":24},"end":{"line":8,"column":26}},"6":{"start":{"line":14,"column":1},"end":{"line":40,"column":null}},"7":{"start":{"line":15,"column":19},"end":{"line":15,"column":53}},"8":{"start":{"line":17,"column":2},"end":{"line":19,"column":null}},"9":{"start":{"line":18,"column":3},"end":{"line":18,"column":null}},"10":{"start":{"line":21,"column":21},"end":{"line":21,"column":64}},"11":{"start":{"line":23,"column":2},"end":{"line":25,"column":null}},"12":{"start":{"line":24,"column":3},"end":{"line":24,"column":null}},"13":{"start":{"line":27,"column":2},"end":{"line":27,"column":null}},"14":{"start":{"line":29,"column":2},"end":{"line":29,"column":null}},"15":{"start":{"line":31,"column":2},"end":{"line":33,"column":null}},"16":{"start":{"line":32,"column":3},"end":{"line":32,"column":null}},"17":{"start":{"line":35,"column":2},"end":{"line":37,"column":null}},"18":{"start":{"line":36,"column":3},"end":{"line":36,"column":null}},"19":{"start":{"line":39,"column":2},"end":{"line":39,"column":null}},"20":{"start":{"line":10,"column":0},"end":{"line":10,"column":7}},"21":{"start":{"line":48,"column":1},"end":{"line":93,"column":null}},"22":{"start":{"line":50,"column":4},"end":{"line":53,"column":11}},"23":{"start":{"line":55,"column":2},"end":{"line":57,"column":null}},"24":{"start":{"line":56,"column":3},"end":{"line":56,"column":null}},"25":{"start":{"line":59,"column":2},"end":{"line":63,"column":null}},"26":{"start":{"line":60,"column":3},"end":{"line":62,"column":null}},"27":{"start":{"line":65,"column":2},"end":{"line":67,"column":null}},"28":{"start":{"line":66,"column":3},"end":{"line":66,"column":null}},"29":{"start":{"line":69,"column":2},"end":{"line":73,"column":null}},"30":{"start":{"line":70,"column":3},"end":{"line":72,"column":null}},"31":{"start":{"line":75,"column":2},"end":{"line":75,"column":66}},"32":{"start":{"line":77,"column":2},"end":{"line":77,"column":null}},"33":{"start":{"line":79,"column":2},"end":{"line":81,"column":null}},"34":{"start":{"line":80,"column":3},"end":{"line":80,"column":null}},"35":{"start":{"line":84,"column":2},"end":{"line":86,"column":null}},"36":{"start":{"line":85,"column":3},"end":{"line":85,"column":null}},"37":{"start":{"line":88,"column":2},"end":{"line":90,"column":null}},"38":{"start":{"line":89,"column":3},"end":{"line":89,"column":null}},"39":{"start":{"line":92,"column":2},"end":{"line":92,"column":null}},"40":{"start":{"line":43,"column":0},"end":{"line":43,"column":7}}},"fnMap":{"0":{"name":"getShortUrlRoute","decl":{"start":{"line":10,"column":22},"end":{"line":10,"column":38}},"loc":{"start":{"line":12,"column":20},"end":{"line":41,"column":1}}},"1":{"name":"createShortUrlRoute","decl":{"start":{"line":43,"column":22},"end":{"line":43,"column":41}},"loc":{"start":{"line":45,"column":20},"end":{"line":94,"column":1}}}},"branchMap":{"0":{"loc":{"start":{"line":17,"column":2},"end":{"line":19,"column":null}},"type":"if","locations":[{"start":{"line":17,"column":2},"end":{"line":19,"column":null}}]},"1":{"loc":{"start":{"line":23,"column":2},"end":{"line":25,"column":null}},"type":"if","locations":[{"start":{"line":23,"column":2},"end":{"line":25,"column":null}}]},"2":{"loc":{"start":{"line":31,"column":2},"end":{"line":33,"column":null}},"type":"if","locations":[{"start":{"line":31,"column":2},"end":{"line":33,"column":null}}]},"3":{"loc":{"start":{"line":35,"column":2},"end":{"line":37,"column":null}},"type":"if","locations":[{"start":{"line":35,"column":2},"end":{"line":37,"column":null}}]},"4":{"loc":{"start":{"line":50,"column":4},"end":{"line":53,"column":11}},"type":"binary-expr","locations":[{"start":{"line":50,"column":4},"end":{"line":50,"column":null}},{"start":{"line":53,"column":9},"end":{"line":53,"column":11}}]},"5":{"loc":{"start":{"line":55,"column":2},"end":{"line":57,"column":null}},"type":"if","locations":[{"start":{"line":55,"column":2},"end":{"line":57,"column":null}}]},"6":{"loc":{"start":{"line":59,"column":2},"end":{"line":63,"column":null}},"type":"if","locations":[{"start":{"line":59,"column":2},"end":{"line":63,"column":null}}]},"7":{"loc":{"start":{"line":65,"column":2},"end":{"line":67,"column":null}},"type":"if","locations":[{"start":{"line":65,"column":2},"end":{"line":67,"column":null}}]},"8":{"loc":{"start":{"line":69,"column":2},"end":{"line":73,"column":null}},"type":"if","locations":[{"start":{"line":69,"column":2},"end":{"line":73,"column":null}}]},"9":{"loc":{"start":{"line":69,"column":6},"end":{"line":69,"column":55}},"type":"binary-expr","locations":[{"start":{"line":69,"column":6},"end":{"line":69,"column":16}},{"start":{"line":69,"column":20},"end":{"line":69,"column":55}}]},"10":{"loc":{"start":{"line":79,"column":2},"end":{"line":81,"column":null}},"type":"if","locations":[{"start":{"line":79,"column":2},"end":{"line":81,"column":null}}]},"11":{"loc":{"start":{"line":84,"column":2},"end":{"line":86,"column":null}},"type":"if","locations":[{"start":{"line":84,"column":2},"end":{"line":86,"column":null}}]},"12":{"loc":{"start":{"line":84,"column":6},"end":{"line":84,"column":62}},"type":"binary-expr","locations":[{"start":{"line":84,"column":6},"end":{"line":84,"column":36}},{"start":{"line":84,"column":40},"end":{"line":84,"column":62}}]},"13":{"loc":{"start":{"line":88,"column":2},"end":{"line":90,"column":null}},"type":"if","locations":[{"start":{"line":88,"column":2},"end":{"line":90,"column":null}}]}},"s":{"0":2,"1":2,"2":2,"3":2,"4":2,"5":2,"6":3,"7":3,"8":3,"9":1,"10":2,"11":2,"12":1,"13":1,"14":1,"15":0,"16":0,"17":0,"18":0,"19":0,"20":2,"21":3,"22":3,"23":3,"24":1,"25":2,"26":0,"27":2,"28":0,"29":2,"30":1,"31":1,"32":1,"33":0,"34":0,"35":0,"36":0,"37":0,"38":0,"39":0,"40":2},"f":{"0":3,"1":3},"b":{"0":[1],"1":[1],"2":[0],"3":[0],"4":[3,0],"5":[1],"6":[0],"7":[0],"8":[1],"9":[2,2],"10":[0],"11":[0],"12":[0,0],"13":[0]}}
,"D:\\projects\\own\\backend\\profi-tz\\api\\src\\utils\\index.ts": {"path":"D:\\projects\\own\\backend\\profi-tz\\api\\src\\utils\\index.ts","statementMap":{"0":{"start":{"line":1,"column":0},"end":{"line":1,"column":34}},"1":{"start":{"line":2,"column":0},"end":{"line":2,"column":40}},"2":{"start":{"line":3,"column":0},"end":{"line":3,"column":32}},"3":{"start":{"line":5,"column":0},"end":{"line":7,"column":null}},"4":{"start":{"line":6,"column":1},"end":{"line":6,"column":null}},"5":{"start":{"line":9,"column":13},"end":{"line":13,"column":null}},"6":{"start":{"line":16,"column":1},"end":{"line":18,"column":null}},"7":{"start":{"line":17,"column":2},"end":{"line":17,"column":null}},"8":{"start":{"line":15,"column":0},"end":{"line":15,"column":7}},"9":{"start":{"line":24,"column":1},"end":{"line":24,"column":null}},"10":{"start":{"line":21,"column":0},"end":{"line":21,"column":7}},"11":{"start":{"line":30,"column":1},"end":{"line":30,"column":null}},"12":{"start":{"line":27,"column":0},"end":{"line":27,"column":16}},"13":{"start":{"line":34,"column":23},"end":{"line":34,"column":25}},"14":{"start":{"line":35,"column":1},"end":{"line":37,"column":null}},"15":{"start":{"line":35,"column":14},"end":{"line":35,"column":15}},"16":{"start":{"line":36,"column":2},"end":{"line":36,"column":null}},"17":{"start":{"line":39,"column":1},"end":{"line":39,"column":null}},"18":{"start":{"line":33,"column":0},"end":{"line":33,"column":16}}},"fnMap":{"0":{"name":"sleep","decl":{"start":{"line":15,"column":22},"end":{"line":15,"column":27}},"loc":{"start":{"line":15,"column":38},"end":{"line":19,"column":1}}},"1":{"name":"(anonymous_2)","decl":{"start":{"line":16,"column":20},"end":{"line":16,"column":21}},"loc":{"start":{"line":16,"column":32},"end":{"line":18,"column":2}}},"2":{"name":"tx","decl":{"start":{"line":21,"column":22},"end":{"line":21,"column":24}},"loc":{"start":{"line":22,"column":41},"end":{"line":25,"column":1}}},"3":{"name":"isFulfilled","decl":{"start":{"line":27,"column":16},"end":{"line":27,"column":27}},"loc":{"start":{"line":28,"column":31},"end":{"line":31,"column":1}}},"4":{"name":"splitArrayIntoChunks","decl":{"start":{"line":33,"column":16},"end":{"line":33,"column":36}},"loc":{"start":{"line":33,"column":69},"end":{"line":40,"column":1}}}},"branchMap":{"0":{"loc":{"start":{"line":5,"column":0},"end":{"line":7,"column":null}},"type":"if","locations":[{"start":{"line":5,"column":0},"end":{"line":7,"column":null}}]}},"s":{"0":2,"1":2,"2":2,"3":2,"4":0,"5":2,"6":0,"7":0,"8":2,"9":0,"10":2,"11":0,"12":2,"13":0,"14":0,"15":0,"16":0,"17":0,"18":2},"f":{"0":0,"1":0,"2":0,"3":0,"4":0},"b":{"0":[0]}}
}
