TN:
SF:src\components\url-validity.ts
FN:1,urlValid
FN:20,urlAbove16KB
FNF:2
FNH:2
FNDA:7,urlValid
FNDA:4,urlAbove16KB
DA:1,3
DA:2,7
DA:17,7
DA:20,3
DA:21,4
DA:23,4
LF:6
LH:6
BRF:0
BRH:0
end_of_record
TN:
SF:src\server\routes\index.queries.ts
FNF:0
FNH:0
DA:2,2
DA:19,2
DA:46,2
DA:67,2
DA:88,2
DA:107,2
DA:129,2
LF:7
LH:7
BRF:0
BRH:0
end_of_record
TN:
SF:src\server\routes\index.ts
FN:10,getShortUrlRoute
FN:43,createShortUrlRoute
FNF:2
FNH:2
FNDA:3,getShortUrlRoute
FNDA:3,createShortUrlRoute
DA:1,2
DA:2,2
DA:3,2
DA:4,2
DA:5,2
DA:8,2
DA:10,2
DA:14,3
DA:15,3
DA:17,3
DA:18,1
DA:21,2
DA:23,2
DA:24,1
DA:27,1
DA:29,1
DA:31,0
DA:32,0
DA:35,0
DA:36,0
DA:39,0
DA:43,2
DA:48,3
DA:50,3
DA:55,3
DA:56,1
DA:59,2
DA:60,0
DA:65,2
DA:66,0
DA:69,2
DA:70,1
DA:75,1
DA:77,1
DA:79,0
DA:80,0
DA:84,0
DA:85,0
DA:88,0
DA:89,0
DA:92,0
LF:41
LH:27
BRDA:17,0,0,1
BRDA:23,1,0,1
BRDA:31,2,0,0
BRDA:35,3,0,0
BRDA:50,4,0,3
BRDA:50,4,1,0
BRDA:55,5,0,1
BRDA:59,6,0,0
BRDA:65,7,0,0
BRDA:69,8,0,1
BRDA:69,9,0,2
BRDA:69,9,1,2
BRDA:79,10,0,0
BRDA:84,11,0,0
BRDA:84,12,0,0
BRDA:84,12,1,0
BRDA:88,13,0,0
BRF:17
BRH:7
end_of_record
TN:
SF:src\utils\index.ts
FN:15,sleep
FN:16,(anonymous_2)
FN:21,tx
FN:27,isFulfilled
FN:33,splitArrayIntoChunks
FNF:5
FNH:0
FNDA:0,sleep
FNDA:0,(anonymous_2)
FNDA:0,tx
FNDA:0,isFulfilled
FNDA:0,splitArrayIntoChunks
DA:1,2
DA:2,2
DA:3,2
DA:5,2
DA:6,0
DA:9,2
DA:15,2
DA:16,0
DA:17,0
DA:21,2
DA:24,0
DA:27,2
DA:30,0
DA:33,2
DA:34,0
DA:35,0
DA:36,0
DA:39,0
LF:18
LH:9
BRDA:5,0,0,0
BRF:1
BRH:0
end_of_record
